# JRE version: Java(TM) SE Runtime Environment (18.0.2.1+1) (build 18.0.2.1+1-1)
# Java VM: Java HotSpot(TM) 64-Bit Server VM (18.0.2.1+1-1, mixed mode, sharing, tiered, compressed oops, compressed class ptrs, g1 gc, windows-amd64)
GC Precious Log:
 CardTable entry size: 512
 Card Set container configuration: InlinePtr #cards 4 size 8 Array Of Cards #cards 32 size 80 Howl #buckets 8 coarsen threshold 7372 Howl Bitmap #cards 1024 size 144 coarsen threshold 921 Card regions per heap region 1 cards per card region 8192
 CPUs: 12 total, 12 available
 Memory: 24198M
 Large Page Support: Disabled
 NUMA Support: Disabled
 Compressed Oops: Enabled (Zero based)
 Heap Region Size: 4M
 Heap Min Capacity: 8M
 Heap Initial Capacity: 380M
 Heap Max Capacity: 6052M
 Pre-touch: Disabled
 Parallel Workers: 10
 Concurrent Workers: 3
 Concurrent Refinement Workers: 10
 Periodic GC: Disabled
Heap:
 garbage-first heap   total 81920K, used 26939K [0x0000000685c00000, 0x0000000800000000)
  region size 4096K, 2 young (8192K), 2 survivors (8192K)
 Metaspace       used 59934K, committed 60480K, reserved 1114112K
  class space    used 8121K, committed 8384K, reserved 1048576K
GC Heap History (20 events):
Event: 0.413 GC heap after
{Heap after GC invocations=1 (full 0):
 garbage-first heap   total 389120K, used 7847K [0x0000000685c00000, 0x0000000800000000)
  region size 4096K, 1 young (4096K), 1 survivors (4096K)
 Metaspace       used 3951K, committed 4032K, reserved 1114112K
  class space    used 426K, committed 448K, reserved 1048576K
}
Event: 0.682 GC heap before
{Heap before GC invocations=1 (full 0):
 garbage-first heap   total 389120K, used 20135K [0x0000000685c00000, 0x0000000800000000)
  region size 4096K, 4 young (16384K), 1 survivors (4096K)
 Metaspace       used 7532K, committed 7808K, reserved 1114112K
  class space    used 912K, committed 1024K, reserved 1048576K
}
Event: 0.686 GC heap after
{Heap after GC invocations=2 (full 0):
 garbage-first heap   total 389120K, used 9113K [0x0000000685c00000, 0x0000000800000000)
  region size 4096K, 1 young (4096K), 1 survivors (4096K)
 Metaspace       used 7532K, committed 7808K, reserved 1114112K
  class space    used 912K, committed 1024K, reserved 1048576K
}
Event: 1.483 GC heap before
{Heap before GC invocations=2 (full 0):
 garbage-first heap   total 389120K, used 54169K [0x0000000685c00000, 0x0000000800000000)
  region size 4096K, 12 young (49152K), 1 survivors (4096K)
 Metaspace       used 18065K, committed 18368K, reserved 1114112K
  class space    used 2421K, committed 2560K, reserved 1048576K
}
Event: 1.487 GC heap after
{Heap after GC invocations=3 (full 0):
 garbage-first heap   total 389120K, used 12182K [0x0000000685c00000, 0x0000000800000000)
  region size 4096K, 2 young (8192K), 2 survivors (8192K)
 Metaspace       used 18065K, committed 18368K, reserved 1114112K
  class space    used 2421K, committed 2560K, reserved 1048576K
}
Event: 1.638 GC heap before
{Heap before GC invocations=3 (full 0):
 garbage-first heap   total 389120K, used 28566K [0x0000000685c00000, 0x0000000800000000)
  region size 4096K, 7 young (28672K), 2 survivors (8192K)
 Metaspace       used 21322K, committed 21504K, reserved 1114112K
  class space    used 2718K, committed 2816K, reserved 1048576K
}
Event: 1.641 GC heap after
{Heap after GC invocations=4 (full 0):
 garbage-first heap   total 389120K, used 13432K [0x0000000685c00000, 0x0000000800000000)
  region size 4096K, 2 young (8192K), 2 survivors (8192K)
 Metaspace       used 21322K, committed 21504K, reserved 1114112K
  class space    used 2718K, committed 2816K, reserved 1048576K
}
Event: 2.592 GC heap before
{Heap before GC invocations=5 (full 0):
 garbage-first heap   total 69632K, used 66680K [0x0000000685c00000, 0x0000000800000000)
  region size 4096K, 15 young (61440K), 2 survivors (8192K)
 Metaspace       used 28989K, committed 29376K, reserved 1114112K
  class space    used 3774K, committed 3904K, reserved 1048576K
}
Event: 2.599 GC heap after
{Heap after GC invocations=6 (full 0):
 garbage-first heap   total 81920K, used 17129K [0x0000000685c00000, 0x0000000800000000)
  region size 4096K, 3 young (12288K), 3 survivors (12288K)
 Metaspace       used 28989K, committed 29376K, reserved 1114112K
  class space    used 3774K, committed 3904K, reserved 1048576K
}
Event: 3.369 GC heap before
{Heap before GC invocations=6 (full 0):
 garbage-first heap   total 81920K, used 53993K [0x0000000685c00000, 0x0000000800000000)
  region size 4096K, 12 young (49152K), 3 survivors (12288K)
 Metaspace       used 35558K, committed 36096K, reserved 1114112K
  class space    used 4719K, committed 4992K, reserved 1048576K
}
Event: 3.378 GC heap after
{Heap after GC invocations=7 (full 0):
 garbage-first heap   total 81920K, used 19912K [0x0000000685c00000, 0x0000000800000000)
  region size 4096K, 1 young (4096K), 1 survivors (4096K)
 Metaspace       used 35558K, committed 36096K, reserved 1114112K
  class space    used 4719K, committed 4992K, reserved 1048576K
}
Event: 3.381 GC heap before
{Heap before GC invocations=7 (full 0):
 garbage-first heap   total 81920K, used 19912K [0x0000000685c00000, 0x0000000800000000)
  region size 4096K, 2 young (8192K), 1 survivors (4096K)
 Metaspace       used 35611K, committed 36096K, reserved 1114112K
  class space    used 4727K, committed 4992K, reserved 1048576K
}
Event: 3.384 GC heap after
{Heap after GC invocations=8 (full 0):
 garbage-first heap   total 81920K, used 19840K [0x0000000685c00000, 0x0000000800000000)
  region size 4096K, 1 young (4096K), 1 survivors (4096K)
 Metaspace       used 35611K, committed 36096K, reserved 1114112K
  class space    used 4727K, committed 4992K, reserved 1048576K
}
Event: 4.114 GC heap before
{Heap before GC invocations=9 (full 0):
 garbage-first heap   total 81920K, used 56704K [0x0000000685c00000, 0x0000000800000000)
  region size 4096K, 10 young (40960K), 1 survivors (4096K)
 Metaspace       used 45348K, committed 45824K, reserved 1114112K
  class space    used 6061K, committed 6272K, reserved 1048576K
}
Event: 4.121 GC heap after
{Heap after GC invocations=10 (full 0):
 garbage-first heap   total 81920K, used 22831K [0x0000000685c00000, 0x0000000800000000)
  region size 4096K, 2 young (8192K), 2 survivors (8192K)
 Metaspace       used 45348K, committed 45824K, reserved 1114112K
  class space    used 6061K, committed 6272K, reserved 1048576K
}
Event: 4.676 GC heap before
{Heap before GC invocations=10 (full 0):
 garbage-first heap   total 81920K, used 51503K [0x0000000685c00000, 0x0000000800000000)
  region size 4096K, 10 young (40960K), 2 survivors (8192K)
 Metaspace       used 53223K, committed 53696K, reserved 1114112K
  class space    used 7259K, committed 7488K, reserved 1048576K
}
Event: 4.683 GC heap after
{Heap after GC invocations=11 (full 0):
 garbage-first heap   total 81920K, used 24312K [0x0000000685c00000, 0x0000000800000000)
  region size 4096K, 2 young (8192K), 2 survivors (8192K)
 Metaspace       used 53223K, committed 53696K, reserved 1114112K
  class space    used 7259K, committed 7488K, reserved 1048576K
}
Event: 5.377 GC heap before
{Heap before GC invocations=11 (full 0):
 garbage-first heap   total 81920K, used 57080K [0x0000000685c00000, 0x0000000800000000)
  region size 4096K, 10 young (40960K), 2 survivors (8192K)
 Metaspace       used 59933K, committed 60480K, reserved 1114112K
  class space    used 8121K, committed 8384K, reserved 1048576K
}
Event: 5.386 GC heap after
{Heap after GC invocations=12 (full 0):
 garbage-first heap   total 81920K, used 26992K [0x0000000685c00000, 0x0000000800000000)
  region size 4096K, 2 young (8192K), 2 survivors (8192K)
 Metaspace       used 59933K, committed 60480K, reserved 1114112K
  class space    used 8121K, committed 8384K, reserved 1048576K
}
Event: 5.386 GC heap before
{Heap before GC invocations=12 (full 0):
 garbage-first heap   total 81920K, used 26992K [0x0000000685c00000, 0x0000000800000000)
  region size 4096K, 3 young (12288K), 2 survivors (8192K)
 Metaspace       used 59934K, committed 60480K, reserved 1114112K
  class space    used 8121K, committed 8384K, reserved 1048576K
}

